<?xml version="1.0" encoding="UTF-8"?>
<beans xmlns="http://www.springframework.org/schema/beans" xmlns:xsi="http://www.w3.org/2001/XMLSchema-instance" xmlns:context="http://www.springframework.org/schema/context"
    xsi:schemaLocation="
      http://www.springframework.org/schema/beans http://www.springframework.org/schema/beans/spring-beans-4.2.xsd
      http://www.springframework.org/schema/context http://www.springframework.org/schema/context/spring-context-4.2.xsd"
>
   <!-- Definition for profile bean -->
    <bean id="entityManager"
          class="org.springframework.orm.jpa.LocalEntityManagerFactoryBean">
        <property name="persistenceUnitName" value="H2DB"/>
    </bean>
 <bean id="transactionManager"
          class="org.springframework.orm.jpa.JpaTransactionManager">
        <property name="entityManagerFactory" ref="entityManager"/>
    </bean>
    <bean id="persistenceExceptionTranslationPostProcessor" class=
            "org.springframework.dao.annotation.PersistenceExceptionTranslationPostProcessor"/>
<bean name="vehicleDao" class="com.nrs.vehicle.dao.VehicleDao">
</bean>
</beans>
